<?xml version="1.0" encoding="utf-8"?><testsuites name="pytest tests"><testsuite name="pytest" errors="0" failures="3" skipped="0" tests="15" time="7.041" timestamp="2026-06-22T05:52:07.005402+00:00" hostname="agent-env-c873cb40-ed5d-489e-a7e0-86696408f877"><testcase classname="backend.tests.test_cognito_auth.TestSignup" name="test_signup_valid_returns_200" time="2.713" /><testcase classname="backend.tests.test_cognito_auth.TestSignup" name="test_signup_duplicate_email_returns_400" time="0.617" /><testcase classname="backend.tests.test_cognito_auth.TestSignup" name="test_signup_weak_password_422_or_400" time="0.043" /><testcase classname="backend.tests.test_cognito_auth.TestVerify" name="test_verify_wrong_code_returns_400" time="0.392" /><testcase classname="backend.tests.test_cognito_auth.TestVerify" name="test_verify_non_6_digit_code_returns_422" time="0.043" /><testcase classname="backend.tests.test_cognito_auth.TestVerify" name="test_verify_non_numeric_6_chars_returns_422" time="0.042" /><testcase classname="backend.tests.test_cognito_auth.TestResend" name="test_resend_nonexistent_email_returns_404" time="0.410"><failure message="AssertionError: {&quot;message&quot;:&quot;A new verification code has been sent.&quot;}&#10;assert 200 == 404&#10; +  where 200 = &lt;Response [200]&gt;.status_code">backend/tests/test_cognito_auth.py:92: in test_resend_nonexistent_email_returns_404
    assert r.status_code == 404, r.text
E   AssertionError: {"message":"A new verification code has been sent."}
E   assert 200 == 404
E    +  where 200 = &lt;Response [200]&gt;.status_code</failure></testcase><testcase classname="backend.tests.test_cognito_auth.TestLogin" name="test_login_wrong_credentials_returns_401" time="0.352"><failure message="AssertionError: {&quot;detail&quot;:&quot;Invalid request parameters.&quot;}&#10;assert 400 in (401, 404)&#10; +  where 400 = &lt;Response [400]&gt;.status_code">backend/tests/test_cognito_auth.py:105: in test_login_wrong_credentials_returns_401
    assert r.status_code in (401, 404), r.text
E   AssertionError: {"detail":"Invalid request parameters."}
E   assert 400 in (401, 404)
E    +  where 400 = &lt;Response [400]&gt;.status_code</failure></testcase><testcase classname="backend.tests.test_cognito_auth.TestLogin" name="test_login_unverified_returns_403" time="0.311"><failure message="AssertionError: {&quot;detail&quot;:&quot;Invalid request parameters.&quot;}&#10;assert 400 == 403&#10; +  where 400 = &lt;Response [400]&gt;.status_code">backend/tests/test_cognito_auth.py:112: in test_login_unverified_returns_403
    assert r.status_code == 403, r.text
E   AssertionError: {"detail":"Invalid request parameters."}
E   assert 400 == 403
E    +  where 400 = &lt;Response [400]&gt;.status_code</failure></testcase><testcase classname="backend.tests.test_cognito_auth.TestPasswordReset" name="test_forgot_password_nonexistent_returns_200" time="0.398" /><testcase classname="backend.tests.test_cognito_auth.TestPasswordReset" name="test_forgot_password_existing_returns_200" time="0.396" /><testcase classname="backend.tests.test_cognito_auth.TestPasswordReset" name="test_reset_password_wrong_code_does_not_crash" time="0.914" /><testcase classname="backend.tests.test_cognito_auth.TestMe" name="test_me_without_auth_returns_401" time="0.115" /><testcase classname="backend.tests.test_cognito_auth.TestMe" name="test_me_with_garbage_token_returns_401" time="0.092" /><testcase classname="backend.tests.test_cognito_auth.TestWidgetRegression" name="test_widget_session_still_works" time="0.042" /></testsuite></testsuites>