<?xml version="1.0" encoding="utf-8"?><testsuites name="pytest tests"><testsuite name="pytest" errors="0" failures="1" skipped="0" tests="18" time="4.632" timestamp="2026-06-21T15:10:03.131045+00:00" hostname="agent-env-e32e8c1d-a88d-4ba2-b75b-9a4e4d031f5f"><testcase classname="backend.tests.test_oraone_backend.TestRoot" name="test_root_banner" time="0.198" /><testcase classname="backend.tests.test_oraone_backend.TestAuth" name="test_register_then_me" time="0.376" /><testcase classname="backend.tests.test_oraone_backend.TestAuth" name="test_register_duplicate" time="0.414" /><testcase classname="backend.tests.test_oraone_backend.TestAuth" name="test_login_admin_and_me" time="0.378" /><testcase classname="backend.tests.test_oraone_backend.TestAuth" name="test_login_wrong_password" time="0.354" /><testcase classname="backend.tests.test_oraone_backend.TestAuth" name="test_logout_clears_cookies" time="0.410" /><testcase classname="backend.tests.test_oraone_backend.TestAuth" name="test_forgot_password_generic_response" time="0.204"><failure message="assert 422 == 200&#10; +  where 422 = &lt;Response [422]&gt;.status_code">backend/tests/test_oraone_backend.py:98: in test_forgot_password_generic_response
    assert r2.status_code == 200
E   assert 422 == 200
E    +  where 422 = &lt;Response [422]&gt;.status_code</failure></testcase><testcase classname="backend.tests.test_oraone_backend.TestAuth" name="test_me_unauthenticated" time="0.101" /><testcase classname="backend.tests.test_oraone_backend.TestAgents" name="test_agent_crud[voice]" time="0.270" /><testcase classname="backend.tests.test_oraone_backend.TestAgents" name="test_agent_crud[chat]" time="0.303" /><testcase classname="backend.tests.test_oraone_backend.TestAgents" name="test_agent_crud[whatsapp]" time="0.273" /><testcase classname="backend.tests.test_oraone_backend.TestAgents" name="test_agents_requires_auth" time="0.091" /><testcase classname="backend.tests.test_oraone_backend.TestLeads" name="test_lead_create_list_delete" time="0.189" /><testcase classname="backend.tests.test_oraone_backend.TestDashboard" name="test_overview_authenticated" time="0.049" /><testcase classname="backend.tests.test_oraone_backend.TestDashboard" name="test_overview_unauthenticated" time="0.097" /><testcase classname="backend.tests.test_oraone_backend.TestOnboarding" name="test_complete_onboarding_sets_flag" time="0.451" /><testcase classname="backend.tests.test_oraone_backend.TestMarketing" name="test_contact_submission" time="0.104" /><testcase classname="backend.tests.test_oraone_backend.TestMarketing" name="test_newsletter_subscription" time="0.199" /></testsuite></testsuites>