<?xml version="1.0" encoding="utf-8"?><testsuites name="pytest tests"><testsuite name="pytest" errors="0" failures="0" skipped="0" tests="5" time="1.115" timestamp="2026-06-21T18:53:22.670209+00:00" hostname="agent-env-2de162f2-9f22-4dd1-bbf6-5bcfe31c5667"><testcase classname="backend.tests.test_polish_pass.TestSecurityHeaders" name="test_security_headers_on_api_root" time="0.230" /><testcase classname="backend.tests.test_polish_pass.TestSecurityHeaders" name="test_security_headers_on_auth_login_response" time="0.165" /><testcase classname="backend.tests.test_polish_pass.TestAuth" name="test_login_returns_access_token" time="0.320" /><testcase classname="backend.tests.test_polish_pass.TestAuth" name="test_me_with_bearer" time="0.141" /><testcase classname="backend.tests.test_polish_pass.TestMarketingJsonLd" name="test_three_jsonld_blocks_in_index_html" time="0.094" /></testsuite></testsuites>